
Running 12 tests using 1 worker

  ✘   1 tests/auth-suite.spec.ts:6:7 › C2E Platform v5.1 - Authentication Suite › TC-1.01: Super Admin Login Redirects to /dashboard (1ms)
  ✘   2 tests/auth-suite.spec.ts:16:7 › C2E Platform v5.1 - Authentication Suite › TC-1.02: Super Admin Rejects Wrong Credentials (1ms)
  ✘   3 tests/auth-suite.spec.ts:28:7 › C2E Platform v5.1 - Authentication Suite › TC-1.03: Super Admin Rejects "Program Admin" Login on /login (2ms)
  ✘   4 tests/auth-suite.spec.ts:39:7 › C2E Platform v5.1 - Authentication Suite › TC-1.04: Institute Admin Login Redirects to /institution/dashboard (2ms)
  ✘   5 tests/auth-suite.spec.ts:48:7 › C2E Platform v5.1 - Authentication Suite › TC-1.05: Institute Admin Rejects Wrong Credentials (127ms)
  ✘   6 tests/auth-suite.spec.ts:58:7 › C2E Platform v5.1 - Authentication Suite › TC-1.06: Institute Admin Rejects "Super Admin" Login on /institution/login (1ms)
  ✘   7 tests/auth-suite.spec.ts:68:7 › C2E Platform v5.1 - Authentication Suite › TC-1.07: Program Admin Login Redirects to /program/dashboard (8ms)
  ✘   8 tests/auth-suite.spec.ts:77:7 › C2E Platform v5.1 - Authentication Suite › TC-1.10: Super Admin Login Page Is Not Linked Anywhere (13ms)
  ✘   9 tests/auth-suite.spec.ts:84:7 › C2E Platform v5.1 - Authentication Suite › TC-1.12: All Logins Have Identical Error Messages (2ms)
  ✘  10 tests/auth-suite.spec.ts:100:7 › C2E Platform v5.1 - Authentication Suite › TC-1.13: Unauthorized Access Redirects to /institution/login (1ms)
  ✘  11 tests/auth-suite.spec.ts:108:7 › C2E Platform v5.1 - Authentication Suite › TC-1.14: Logged-in Program Admin Cannot Reach /login (4ms)
  ✘  12 tests/auth-suite.spec.ts:120:7 › C2E Platform v5.1 - Authentication Suite › TC-1.16: Verify "Stakeholder" Tab Is Not Present on Institution Login (2ms)


  1) tests/auth-suite.spec.ts:6:7 › C2E Platform v5.1 - Authentication Suite › TC-1.01: Super Admin Login Redirects to /dashboard 

    Error: browserType.launch: Executable doesn't exist at /Users/chepuriharikiran/Library/Caches/ms-playwright/chromium_headless_shell-1217/chrome-headless-shell-mac-arm64/chrome-headless-shell
    ╔════════════════════════════════════════════════════════════╗
    ║ Looks like Playwright was just installed or updated.       ║
    ║ Please run the following command to download new browsers: ║
    ║                                                            ║
    ║     npx playwright install                                 ║
    ║                                                            ║
    ║ <3 Playwright Team                                         ║
    ╚════════════════════════════════════════════════════════════╝

    Error Context: test-results/tests-auth-suite-C2E-Platf-46315-ogin-Redirects-to-dashboard/error-context.md

  2) tests/auth-suite.spec.ts:16:7 › C2E Platform v5.1 - Authentication Suite › TC-1.02: Super Admin Rejects Wrong Credentials 

    Error: browserType.launch: Executable doesn't exist at /Users/chepuriharikiran/Library/Caches/ms-playwright/chromium_headless_shell-1217/chrome-headless-shell-mac-arm64/chrome-headless-shell
    ╔════════════════════════════════════════════════════════════╗
    ║ Looks like Playwright was just installed or updated.       ║
    ║ Please run the following command to download new browsers: ║
    ║                                                            ║
    ║     npx playwright install                                 ║
    ║                                                            ║
    ║ <3 Playwright Team                                         ║
    ╚════════════════════════════════════════════════════════════╝

    Error Context: test-results/tests-auth-suite-C2E-Platf-f62d3-n-Rejects-Wrong-Credentials/error-context.md

  3) tests/auth-suite.spec.ts:28:7 › C2E Platform v5.1 - Authentication Suite › TC-1.03: Super Admin Rejects "Program Admin" Login on /login 

    Error: browserType.launch: Executable doesn't exist at /Users/chepuriharikiran/Library/Caches/ms-playwright/chromium_headless_shell-1217/chrome-headless-shell-mac-arm64/chrome-headless-shell
    ╔════════════════════════════════════════════════════════════╗
    ║ Looks like Playwright was just installed or updated.       ║
    ║ Please run the following command to download new browsers: ║
    ║                                                            ║
    ║     npx playwright install                                 ║
    ║                                                            ║
    ║ <3 Playwright Team                                         ║
    ╚════════════════════════════════════════════════════════════╝

    Error Context: test-results/tests-auth-suite-C2E-Platf-4a01a-rogram-Admin-Login-on-login/error-context.md

  4) tests/auth-suite.spec.ts:39:7 › C2E Platform v5.1 - Authentication Suite › TC-1.04: Institute Admin Login Redirects to /institution/dashboard 

    Error: browserType.launch: Executable doesn't exist at /Users/chepuriharikiran/Library/Caches/ms-playwright/chromium_headless_shell-1217/chrome-headless-shell-mac-arm64/chrome-headless-shell
    ╔════════════════════════════════════════════════════════════╗
    ║ Looks like Playwright was just installed or updated.       ║
    ║ Please run the following command to download new browsers: ║
    ║                                                            ║
    ║     npx playwright install                                 ║
    ║                                                            ║
    ║ <3 Playwright Team                                         ║
    ╚════════════════════════════════════════════════════════════╝

    Error Context: test-results/tests-auth-suite-C2E-Platf-bb3a6-ts-to-institution-dashboard/error-context.md

  5) tests/auth-suite.spec.ts:48:7 › C2E Platform v5.1 - Authentication Suite › TC-1.05: Institute Admin Rejects Wrong Credentials 

    Error: browserType.launch: Executable doesn't exist at /Users/chepuriharikiran/Library/Caches/ms-playwright/chromium_headless_shell-1217/chrome-headless-shell-mac-arm64/chrome-headless-shell
    ╔════════════════════════════════════════════════════════════╗
    ║ Looks like Playwright was just installed or updated.       ║
    ║ Please run the following command to download new browsers: ║
    ║                                                            ║
    ║     npx playwright install                                 ║
    ║                                                            ║
    ║ <3 Playwright Team                                         ║
    ╚════════════════════════════════════════════════════════════╝

    Error Context: test-results/tests-auth-suite-C2E-Platf-b3dc9-n-Rejects-Wrong-Credentials/error-context.md

  6) tests/auth-suite.spec.ts:58:7 › C2E Platform v5.1 - Authentication Suite › TC-1.06: Institute Admin Rejects "Super Admin" Login on /institution/login 

    Error: browserType.launch: Executable doesn't exist at /Users/chepuriharikiran/Library/Caches/ms-playwright/chromium_headless_shell-1217/chrome-headless-shell-mac-arm64/chrome-headless-shell
    ╔════════════════════════════════════════════════════════════╗
    ║ Looks like Playwright was just installed or updated.       ║
    ║ Please run the following command to download new browsers: ║
    ║                                                            ║
    ║     npx playwright install                                 ║
    ║                                                            ║
    ║ <3 Playwright Team                                         ║
    ╚════════════════════════════════════════════════════════════╝

    Error Context: test-results/tests-auth-suite-C2E-Platf-67b08--Login-on-institution-login/error-context.md

  7) tests/auth-suite.spec.ts:68:7 › C2E Platform v5.1 - Authentication Suite › TC-1.07: Program Admin Login Redirects to /program/dashboard 

    Error: browserType.launch: Executable doesn't exist at /Users/chepuriharikiran/Library/Caches/ms-playwright/chromium_headless_shell-1217/chrome-headless-shell-mac-arm64/chrome-headless-shell
    ╔════════════════════════════════════════════════════════════╗
    ║ Looks like Playwright was just installed or updated.       ║
    ║ Please run the following command to download new browsers: ║
    ║                                                            ║
    ║     npx playwright install                                 ║
    ║                                                            ║
    ║ <3 Playwright Team                                         ║
    ╚════════════════════════════════════════════════════════════╝

    Error Context: test-results/tests-auth-suite-C2E-Platf-3a1fb-irects-to-program-dashboard/error-context.md

  8) tests/auth-suite.spec.ts:77:7 › C2E Platform v5.1 - Authentication Suite › TC-1.10: Super Admin Login Page Is Not Linked Anywhere 

    Error: browserType.launch: Executable doesn't exist at /Users/chepuriharikiran/Library/Caches/ms-playwright/chromium_headless_shell-1217/chrome-headless-shell-mac-arm64/chrome-headless-shell
    ╔════════════════════════════════════════════════════════════╗
    ║ Looks like Playwright was just installed or updated.       ║
    ║ Please run the following command to download new browsers: ║
    ║                                                            ║
    ║     npx playwright install                                 ║
    ║                                                            ║
    ║ <3 Playwright Team                                         ║
    ╚════════════════════════════════════════════════════════════╝

    Error Context: test-results/tests-auth-suite-C2E-Platf-6a364-Page-Is-Not-Linked-Anywhere/error-context.md

  9) tests/auth-suite.spec.ts:84:7 › C2E Platform v5.1 - Authentication Suite › TC-1.12: All Logins Have Identical Error Messages 

    Error: browserType.launch: Executable doesn't exist at /Users/chepuriharikiran/Library/Caches/ms-playwright/chromium_headless_shell-1217/chrome-headless-shell-mac-arm64/chrome-headless-shell
    ╔════════════════════════════════════════════════════════════╗
    ║ Looks like Playwright was just installed or updated.       ║
    ║ Please run the following command to download new browsers: ║
    ║                                                            ║
    ║     npx playwright install                                 ║
    ║                                                            ║
    ║ <3 Playwright Team                                         ║
    ╚════════════════════════════════════════════════════════════╝

    Error Context: test-results/tests-auth-suite-C2E-Platf-7ad47-ve-Identical-Error-Messages/error-context.md

  10) tests/auth-suite.spec.ts:100:7 › C2E Platform v5.1 - Authentication Suite › TC-1.13: Unauthorized Access Redirects to /institution/login 

    Error: browserType.launch: Executable doesn't exist at /Users/chepuriharikiran/Library/Caches/ms-playwright/chromium_headless_shell-1217/chrome-headless-shell-mac-arm64/chrome-headless-shell
    ╔════════════════════════════════════════════════════════════╗
    ║ Looks like Playwright was just installed or updated.       ║
    ║ Please run the following command to download new browsers: ║
    ║                                                            ║
    ║     npx playwright install                                 ║
    ║                                                            ║
    ║ <3 Playwright Team                                         ║
    ╚════════════════════════════════════════════════════════════╝

    Error Context: test-results/tests-auth-suite-C2E-Platf-1787c-irects-to-institution-login/error-context.md

  11) tests/auth-suite.spec.ts:108:7 › C2E Platform v5.1 - Authentication Suite › TC-1.14: Logged-in Program Admin Cannot Reach /login 

    Error: browserType.launch: Executable doesn't exist at /Users/chepuriharikiran/Library/Caches/ms-playwright/chromium_headless_shell-1217/chrome-headless-shell-mac-arm64/chrome-headless-shell
    ╔════════════════════════════════════════════════════════════╗
    ║ Looks like Playwright was just installed or updated.       ║
    ║ Please run the following command to download new browsers: ║
    ║                                                            ║
    ║     npx playwright install                                 ║
    ║                                                            ║
    ║ <3 Playwright Team                                         ║
    ╚════════════════════════════════════════════════════════════╝

    Error Context: test-results/tests-auth-suite-C2E-Platf-33343-am-Admin-Cannot-Reach-login/error-context.md

  12) tests/auth-suite.spec.ts:120:7 › C2E Platform v5.1 - Authentication Suite › TC-1.16: Verify "Stakeholder" Tab Is Not Present on Institution Login 

    Error: browserType.launch: Executable doesn't exist at /Users/chepuriharikiran/Library/Caches/ms-playwright/chromium_headless_shell-1217/chrome-headless-shell-mac-arm64/chrome-headless-shell
    ╔════════════════════════════════════════════════════════════╗
    ║ Looks like Playwright was just installed or updated.       ║
    ║ Please run the following command to download new browsers: ║
    ║                                                            ║
    ║     npx playwright install                                 ║
    ║                                                            ║
    ║ <3 Playwright Team                                         ║
    ╚════════════════════════════════════════════════════════════╝

    Error Context: test-results/tests-auth-suite-C2E-Platf-edccf-resent-on-Institution-Login/error-context.md

  12 failed
    tests/auth-suite.spec.ts:6:7 › C2E Platform v5.1 - Authentication Suite › TC-1.01: Super Admin Login Redirects to /dashboard 
    tests/auth-suite.spec.ts:16:7 › C2E Platform v5.1 - Authentication Suite › TC-1.02: Super Admin Rejects Wrong Credentials 
    tests/auth-suite.spec.ts:28:7 › C2E Platform v5.1 - Authentication Suite › TC-1.03: Super Admin Rejects "Program Admin" Login on /login 
    tests/auth-suite.spec.ts:39:7 › C2E Platform v5.1 - Authentication Suite › TC-1.04: Institute Admin Login Redirects to /institution/dashboard 
    tests/auth-suite.spec.ts:48:7 › C2E Platform v5.1 - Authentication Suite › TC-1.05: Institute Admin Rejects Wrong Credentials 
    tests/auth-suite.spec.ts:58:7 › C2E Platform v5.1 - Authentication Suite › TC-1.06: Institute Admin Rejects "Super Admin" Login on /institution/login 
    tests/auth-suite.spec.ts:68:7 › C2E Platform v5.1 - Authentication Suite › TC-1.07: Program Admin Login Redirects to /program/dashboard 
    tests/auth-suite.spec.ts:77:7 › C2E Platform v5.1 - Authentication Suite › TC-1.10: Super Admin Login Page Is Not Linked Anywhere 
    tests/auth-suite.spec.ts:84:7 › C2E Platform v5.1 - Authentication Suite › TC-1.12: All Logins Have Identical Error Messages 
    tests/auth-suite.spec.ts:100:7 › C2E Platform v5.1 - Authentication Suite › TC-1.13: Unauthorized Access Redirects to /institution/login 
    tests/auth-suite.spec.ts:108:7 › C2E Platform v5.1 - Authentication Suite › TC-1.14: Logged-in Program Admin Cannot Reach /login 
    tests/auth-suite.spec.ts:120:7 › C2E Platform v5.1 - Authentication Suite › TC-1.16: Verify "Stakeholder" Tab Is Not Present on Institution Login 
